mode: set
thaBeat/internal/app/thaBeat/haversine/haversine.go:19.41,24.2 1 1
thaBeat/internal/app/thaBeat/haversine/haversine.go:26.34,31.2 1 1
thaBeat/internal/app/thaBeat/haversine/haversine.go:33.48,35.2 1 1
thaBeat/internal/app/thaBeat/haversine/haversine.go:39.47,49.2 6 1
thaBeat/internal/app/thaBeat/ride/parser/parser.go:10.46,16.25 4 1
thaBeat/internal/app/thaBeat/ride/parser/parser.go:41.2,46.14 3 1
thaBeat/internal/app/thaBeat/ride/parser/parser.go:16.25,21.17 2 1
thaBeat/internal/app/thaBeat/ride/parser/parser.go:26.3,26.45 1 1
thaBeat/internal/app/thaBeat/ride/parser/parser.go:37.3,38.50 2 1
thaBeat/internal/app/thaBeat/ride/parser/parser.go:21.17,23.12 2 1
thaBeat/internal/app/thaBeat/ride/parser/parser.go:26.45,36.4 3 1
thaBeat/internal/app/thaBeat/ride/parser/parser.go:50.58,52.19 1 1
thaBeat/internal/app/thaBeat/ride/parser/parser.go:56.2,61.54 5 1
thaBeat/internal/app/thaBeat/ride/parser/parser.go:65.2,69.8 1 1
thaBeat/internal/app/thaBeat/ride/parser/parser.go:52.19,54.3 1 1
thaBeat/internal/app/thaBeat/ride/parser/parser.go:61.54,63.3 1 0
thaBeat/cmd/thabeat/main.go:16.13,20.16 3 0
thaBeat/cmd/thabeat/main.go:23.2,23.25 1 0
thaBeat/cmd/thabeat/main.go:20.16,21.13 1 0
thaBeat/cmd/thabeat/main.go:26.51,30.16 3 1
thaBeat/cmd/thabeat/main.go:34.2,36.29 2 1
thaBeat/cmd/thabeat/main.go:42.2,43.16 2 1
thaBeat/cmd/thabeat/main.go:47.2,47.12 1 1
thaBeat/cmd/thabeat/main.go:30.16,32.3 1 1
thaBeat/cmd/thabeat/main.go:36.29,40.3 3 1
thaBeat/cmd/thabeat/main.go:43.16,45.3 1 0
thaBeat/cmd/thabeat/main.go:50.33,51.22 1 1
thaBeat/cmd/thabeat/main.go:57.2,60.24 4 1
thaBeat/cmd/thabeat/main.go:51.22,55.3 3 0
thaBeat/internal/app/thaBeat/ride/farecalculation/farecalculation.go:27.46,30.42 2 1
thaBeat/internal/app/thaBeat/ride/farecalculation/farecalculation.go:69.2,73.3 2 1
thaBeat/internal/app/thaBeat/ride/farecalculation/farecalculation.go:30.42,31.45 1 1
thaBeat/internal/app/thaBeat/ride/farecalculation/farecalculation.go:31.45,47.24 8 1
thaBeat/internal/app/thaBeat/ride/farecalculation/farecalculation.go:54.4,54.25 1 1
thaBeat/internal/app/thaBeat/ride/farecalculation/farecalculation.go:60.4,60.39 1 1
thaBeat/internal/app/thaBeat/ride/farecalculation/farecalculation.go:65.4,65.9 1 1
thaBeat/internal/app/thaBeat/ride/farecalculation/farecalculation.go:47.24,50.13 2 1
thaBeat/internal/app/thaBeat/ride/farecalculation/farecalculation.go:54.25,56.10 2 1
thaBeat/internal/app/thaBeat/ride/farecalculation/farecalculation.go:60.39,62.5 1 1
thaBeat/internal/app/thaBeat/ride/farecalculation/farecalculation.go:62.10,64.5 1 1
thaBeat/internal/app/thaBeat/ride/farecalculation/farecalculation.go:78.38,81.28 3 1
thaBeat/internal/app/thaBeat/ride/farecalculation/farecalculation.go:84.2,84.14 1 1
thaBeat/internal/app/thaBeat/ride/farecalculation/farecalculation.go:81.28,83.3 1 1
thaBeat/csv/csv.go:12.52,15.16 2 1
thaBeat/csv/csv.go:19.2,20.16 2 1
thaBeat/csv/csv.go:24.2,26.16 3 1
thaBeat/csv/csv.go:29.2,29.18 1 1
thaBeat/csv/csv.go:15.16,17.3 1 0
thaBeat/csv/csv.go:20.16,22.3 1 1
thaBeat/csv/csv.go:26.16,28.3 1 1
thaBeat/csv/csv.go:33.55,35.16 2 1
thaBeat/csv/csv.go:39.2,41.16 3 1
thaBeat/csv/csv.go:45.2,46.16 2 1
thaBeat/csv/csv.go:50.2,52.25 2 1
thaBeat/csv/csv.go:59.2,61.12 3 1
thaBeat/csv/csv.go:35.16,37.3 1 0
thaBeat/csv/csv.go:41.16,43.3 1 1
thaBeat/csv/csv.go:46.16,48.3 1 1
thaBeat/csv/csv.go:52.25,54.17 2 1
thaBeat/csv/csv.go:54.17,56.4 1 0
