mode: set
thaBeat/internal/app/thaBeat/ride/parser/parser.go:10.51,13.12 2 1
thaBeat/internal/app/thaBeat/ride/parser/parser.go:47.2,47.17 1 1
thaBeat/internal/app/thaBeat/ride/parser/parser.go:13.12,17.26 3 1
thaBeat/internal/app/thaBeat/ride/parser/parser.go:40.3,45.18 3 1
thaBeat/internal/app/thaBeat/ride/parser/parser.go:17.26,21.18 2 1
thaBeat/internal/app/thaBeat/ride/parser/parser.go:26.4,26.46 1 1
thaBeat/internal/app/thaBeat/ride/parser/parser.go:36.4,37.51 2 1
thaBeat/internal/app/thaBeat/ride/parser/parser.go:21.18,23.13 2 1
thaBeat/internal/app/thaBeat/ride/parser/parser.go:26.46,35.5 3 1
thaBeat/internal/app/thaBeat/ride/parser/parser.go:51.58,53.19 1 1
thaBeat/internal/app/thaBeat/ride/parser/parser.go:57.2,62.54 5 1
thaBeat/internal/app/thaBeat/ride/parser/parser.go:66.2,70.8 1 1
thaBeat/internal/app/thaBeat/ride/parser/parser.go:53.19,55.3 1 1
thaBeat/internal/app/thaBeat/ride/parser/parser.go:62.54,64.3 1 1
thaBeat/pkg/haversine/haversine.go:22.41,27.2 1 1
thaBeat/pkg/haversine/haversine.go:30.34,35.2 1 1
thaBeat/pkg/haversine/haversine.go:38.48,40.2 1 1
thaBeat/pkg/haversine/haversine.go:44.47,54.2 6 1
thaBeat/internal/app/thaBeat/ride/farecalculation/farecalculation.go:28.62,31.12 2 1
thaBeat/internal/app/thaBeat/ride/farecalculation/farecalculation.go:38.2,38.19 1 1
thaBeat/internal/app/thaBeat/ride/farecalculation/farecalculation.go:31.12,32.26 1 1
thaBeat/internal/app/thaBeat/ride/farecalculation/farecalculation.go:36.3,36.20 1 0
thaBeat/internal/app/thaBeat/ride/farecalculation/farecalculation.go:32.26,35.4 2 1
thaBeat/internal/app/thaBeat/ride/farecalculation/farecalculation.go:41.51,46.24 2 1
thaBeat/internal/app/thaBeat/ride/farecalculation/farecalculation.go:50.2,52.37 2 1
thaBeat/internal/app/thaBeat/ride/farecalculation/farecalculation.go:87.2,88.13 2 1
thaBeat/internal/app/thaBeat/ride/farecalculation/farecalculation.go:46.24,48.3 1 1
thaBeat/internal/app/thaBeat/ride/farecalculation/farecalculation.go:52.37,66.23 7 1
thaBeat/internal/app/thaBeat/ride/farecalculation/farecalculation.go:72.3,72.24 1 1
thaBeat/internal/app/thaBeat/ride/farecalculation/farecalculation.go:79.3,79.38 1 1
thaBeat/internal/app/thaBeat/ride/farecalculation/farecalculation.go:84.3,84.24 1 1
thaBeat/internal/app/thaBeat/ride/farecalculation/farecalculation.go:66.23,68.12 1 1
thaBeat/internal/app/thaBeat/ride/farecalculation/farecalculation.go:72.24,75.12 3 1
thaBeat/internal/app/thaBeat/ride/farecalculation/farecalculation.go:79.38,81.4 1 1
thaBeat/internal/app/thaBeat/ride/farecalculation/farecalculation.go:81.9,83.4 1 1
thaBeat/internal/app/thaBeat/ride/farecalculation/farecalculation.go:94.38,97.28 3 1
thaBeat/internal/app/thaBeat/ride/farecalculation/farecalculation.go:100.2,100.14 1 1
thaBeat/internal/app/thaBeat/ride/farecalculation/farecalculation.go:97.28,99.3 1 1
